<?xml version="1.0" encoding="UTF-8"?>
<testng-results ignored="0" total="1" passed="1" failed="0" skipped="0">
  <reporter-output>
  </reporter-output>
  <suite started-at="2022-05-20T18:33:59 IST" name="Default suite" finished-at="2022-05-20T18:35:01 IST" duration-ms="62067">
    <groups>
    </groups>
    <test started-at="2022-05-20T18:33:59 IST" name="Default test" finished-at="2022-05-20T18:35:01 IST" duration-ms="62067">
      <class name="finalAssessment.CreateTestNg">
        <test-method signature="randomTest()[pri:0, instance:finalAssessment.CreateTestNg@273e7444]" started-at="2022-05-20T18:33:59 IST" name="randomTest" finished-at="2022-05-20T18:35:01 IST" duration-ms="62030" status="PASS">
          <reporter-output>
          </reporter-output>
        </test-method> <!-- randomTest -->
      </class> <!-- finalAssessment.CreateTestNg -->
    </test> <!-- Default test -->
  </suite> <!-- Default suite -->
</testng-results>
